2022/04/18 15:37:13 [notice] 1#1: using the "epoll" event method
2022/04/18 15:37:13 [notice] 1#1: nginx/1.21.6
2022/04/18 15:37:13 [notice] 1#1: built by gcc 10.3.1 20211027 (Alpine 10.3.1_git20211027) 
2022/04/18 15:37:13 [notice] 1#1: OS: Linux 5.10.16.3-microsoft-standard-WSL2
2022/04/18 15:37:13 [notice] 1#1: getrlimit(RLIMIT_NOFILE): 1048576:1048576
2022/04/18 15:37:13 [notice] 1#1: start worker processes
2022/04/18 15:37:13 [notice] 1#1: start worker process 31
2022/04/18 15:37:13 [notice] 1#1: start worker process 32
2022/04/18 15:37:13 [notice] 1#1: start worker process 33
2022/04/18 15:37:13 [notice] 1#1: start worker process 34
2022/04/18 15:37:13 [notice] 1#1: start worker process 35
2022/04/18 15:37:13 [notice] 1#1: start worker process 36
2022/04/18 15:37:13 [notice] 1#1: start worker process 37
2022/04/18 15:37:13 [notice] 1#1: start worker process 38
2022/04/18 15:37:35 [error] 32#32: *2 FastCGI sent in stderr: "Primary script unknown" while reading response header from upstream, client: 172.19.0.1, server: , request: "GET / HTTP/1.1", upstream: "fastcgi://172.19.0.2:9000", host: "localhost:8080"
2022/04/18 15:37:35 [error] 32#32: *2 FastCGI sent in stderr: "Primary script unknown" while reading response header from upstream, client: 172.19.0.1, server: , request: "GET /favicon.ico HTTP/1.1", upstream: "fastcgi://172.19.0.2:9000", host: "localhost:8080", referrer: "http://localhost:8080/"
2022/04/18 15:38:20 [error] 32#32: *2 FastCGI sent in stderr: "Primary script unknown" while reading response header from upstream, client: 172.19.0.1, server: , request: "GET / HTTP/1.1", upstream: "fastcgi://172.19.0.2:9000", host: "localhost:8080"
2022/04/18 15:38:21 [error] 32#32: *2 FastCGI sent in stderr: "Primary script unknown" while reading response header from upstream, client: 172.19.0.1, server: , request: "GET / HTTP/1.1", upstream: "fastcgi://172.19.0.2:9000", host: "localhost:8080"
2022/04/18 15:38:31 [notice] 1#1: signal 3 (SIGQUIT) received, shutting down
2022/04/18 15:38:31 [notice] 32#32: gracefully shutting down
2022/04/18 15:38:31 [notice] 31#31: gracefully shutting down
2022/04/18 15:38:31 [notice] 33#33: gracefully shutting down
2022/04/18 15:38:31 [notice] 34#34: gracefully shutting down
2022/04/18 15:38:31 [notice] 33#33: exiting
2022/04/18 15:38:31 [notice] 34#34: exiting
2022/04/18 15:38:31 [notice] 35#35: gracefully shutting down
2022/04/18 15:38:31 [notice] 38#38: gracefully shutting down
2022/04/18 15:38:31 [notice] 36#36: gracefully shutting down
2022/04/18 15:38:31 [notice] 37#37: gracefully shutting down
2022/04/18 15:38:31 [notice] 35#35: exiting
2022/04/18 15:38:31 [notice] 38#38: exiting
2022/04/18 15:38:31 [notice] 36#36: exiting
2022/04/18 15:38:31 [notice] 37#37: exiting
2022/04/18 15:38:31 [notice] 32#32: exiting
2022/04/18 15:38:31 [notice] 33#33: exit
2022/04/18 15:38:31 [notice] 34#34: exit
2022/04/18 15:38:31 [notice] 35#35: exit
2022/04/18 15:38:31 [notice] 36#36: exit
2022/04/18 15:38:31 [notice] 38#38: exit
2022/04/18 15:38:31 [notice] 37#37: exit
2022/04/18 15:38:31 [notice] 32#32: exit
2022/04/18 15:38:31 [notice] 1#1: signal 17 (SIGCHLD) received from 35
2022/04/18 15:38:31 [notice] 1#1: worker process 35 exited with code 0
2022/04/18 15:38:31 [notice] 1#1: signal 29 (SIGIO) received
2022/04/18 15:38:31 [notice] 1#1: signal 17 (SIGCHLD) received from 36
2022/04/18 15:38:31 [notice] 1#1: worker process 36 exited with code 0
2022/04/18 15:38:31 [notice] 1#1: signal 29 (SIGIO) received
2022/04/18 15:38:31 [notice] 1#1: signal 17 (SIGCHLD) received from 34
2022/04/18 15:38:31 [notice] 1#1: worker process 34 exited with code 0
2022/04/18 15:38:31 [notice] 1#1: signal 29 (SIGIO) received
2022/04/18 15:38:31 [notice] 1#1: signal 17 (SIGCHLD) received from 38
2022/04/18 15:38:31 [notice] 1#1: worker process 38 exited with code 0
2022/04/18 15:38:31 [notice] 1#1: signal 29 (SIGIO) received
2022/04/18 15:38:31 [notice] 1#1: signal 17 (SIGCHLD) received from 33
2022/04/18 15:38:31 [notice] 1#1: worker process 33 exited with code 0
2022/04/18 15:38:31 [notice] 1#1: signal 29 (SIGIO) received
2022/04/18 15:38:31 [notice] 1#1: signal 17 (SIGCHLD) received from 37
2022/04/18 15:38:31 [notice] 1#1: worker process 32 exited with code 0
2022/04/18 15:38:31 [notice] 1#1: worker process 37 exited with code 0
2022/04/18 15:38:31 [notice] 1#1: signal 29 (SIGIO) received
2022/04/18 15:38:35 [notice] 31#31: exiting
2022/04/18 15:38:35 [notice] 31#31: exit
2022/04/18 15:38:35 [notice] 1#1: signal 17 (SIGCHLD) received from 31
2022/04/18 15:38:35 [notice] 1#1: worker process 31 exited with code 0
2022/04/18 15:38:35 [notice] 1#1: exit
2022/04/18 15:38:45 [notice] 1#1: using the "epoll" event method
2022/04/18 15:38:45 [notice] 1#1: nginx/1.21.6
2022/04/18 15:38:45 [notice] 1#1: built by gcc 10.3.1 20211027 (Alpine 10.3.1_git20211027) 
2022/04/18 15:38:45 [notice] 1#1: OS: Linux 5.10.16.3-microsoft-standard-WSL2
2022/04/18 15:38:45 [notice] 1#1: getrlimit(RLIMIT_NOFILE): 1048576:1048576
2022/04/18 15:38:45 [notice] 1#1: start worker processes
2022/04/18 15:38:45 [notice] 1#1: start worker process 32
2022/04/18 15:38:45 [notice] 1#1: start worker process 33
2022/04/18 15:38:45 [notice] 1#1: start worker process 34
2022/04/18 15:38:45 [notice] 1#1: start worker process 35
2022/04/18 15:38:45 [notice] 1#1: start worker process 36
2022/04/18 15:38:45 [notice] 1#1: start worker process 37
2022/04/18 15:38:45 [notice] 1#1: start worker process 38
2022/04/18 15:38:45 [notice] 1#1: start worker process 39
2022/04/18 15:42:17 [notice] 1#1: signal 3 (SIGQUIT) received, shutting down
2022/04/18 15:42:17 [notice] 37#37: gracefully shutting down
2022/04/18 15:42:17 [notice] 33#33: gracefully shutting down
2022/04/18 15:42:17 [notice] 32#32: gracefully shutting down
2022/04/18 15:42:17 [notice] 35#35: gracefully shutting down
2022/04/18 15:42:17 [notice] 39#39: gracefully shutting down
2022/04/18 15:42:17 [notice] 37#37: exiting
2022/04/18 15:42:17 [notice] 32#32: exiting
2022/04/18 15:42:17 [notice] 35#35: exiting
2022/04/18 15:42:17 [notice] 33#33: exiting
2022/04/18 15:42:17 [notice] 39#39: exiting
2022/04/18 15:42:17 [notice] 37#37: exit
2022/04/18 15:42:17 [notice] 39#39: exit
2022/04/18 15:42:17 [notice] 32#32: exit
2022/04/18 15:42:17 [notice] 35#35: exit
2022/04/18 15:42:17 [notice] 33#33: exit
2022/04/18 15:42:17 [notice] 38#38: gracefully shutting down
2022/04/18 15:42:17 [notice] 34#34: gracefully shutting down
2022/04/18 15:42:17 [notice] 38#38: exiting
2022/04/18 15:42:17 [notice] 34#34: exiting
2022/04/18 15:42:17 [notice] 38#38: exit
2022/04/18 15:42:17 [notice] 34#34: exit
2022/04/18 15:42:17 [notice] 36#36: gracefully shutting down
2022/04/18 15:42:17 [notice] 36#36: exiting
2022/04/18 15:42:17 [notice] 36#36: exit
2022/04/18 15:42:17 [notice] 1#1: signal 17 (SIGCHLD) received from 38
2022/04/18 15:42:17 [notice] 1#1: worker process 35 exited with code 0
2022/04/18 15:42:17 [notice] 1#1: worker process 33 exited with code 0
2022/04/18 15:42:17 [notice] 1#1: worker process 36 exited with code 0
2022/04/18 15:42:17 [notice] 1#1: worker process 38 exited with code 0
2022/04/18 15:42:17 [notice] 1#1: worker process 39 exited with code 0
2022/04/18 15:42:17 [notice] 1#1: signal 29 (SIGIO) received
2022/04/18 15:42:17 [notice] 1#1: signal 17 (SIGCHLD) received from 35
2022/04/18 15:42:17 [notice] 1#1: signal 17 (SIGCHLD) received from 37
2022/04/18 15:42:17 [notice] 1#1: worker process 37 exited with code 0
2022/04/18 15:42:17 [notice] 1#1: signal 29 (SIGIO) received
2022/04/18 15:42:17 [notice] 1#1: signal 17 (SIGCHLD) received from 34
2022/04/18 15:42:17 [notice] 1#1: worker process 34 exited with code 0
2022/04/18 15:42:17 [notice] 1#1: signal 29 (SIGIO) received
2022/04/18 15:42:17 [notice] 1#1: signal 17 (SIGCHLD) received from 32
2022/04/18 15:42:17 [notice] 1#1: worker process 32 exited with code 0
2022/04/18 15:42:17 [notice] 1#1: exit
2022/04/18 15:44:46 [emerg] 1#1: host not found in upstream "terit-php-fpm" in /etc/nginx/conf.d/default.conf:13
2022/04/18 15:46:56 [emerg] 1#1: host not found in upstream "terit-php-fpm" in /etc/nginx/conf.d/default.conf:13
2022/04/18 15:48:21 [notice] 1#1: using the "epoll" event method
2022/04/18 15:48:21 [notice] 1#1: nginx/1.21.6
2022/04/18 15:48:21 [notice] 1#1: built by gcc 10.3.1 20211027 (Alpine 10.3.1_git20211027) 
2022/04/18 15:48:21 [notice] 1#1: OS: Linux 5.10.16.3-microsoft-standard-WSL2
2022/04/18 15:48:21 [notice] 1#1: getrlimit(RLIMIT_NOFILE): 1048576:1048576
2022/04/18 15:48:21 [notice] 1#1: start worker processes
2022/04/18 15:48:21 [notice] 1#1: start worker process 31
2022/04/18 15:48:21 [notice] 1#1: start worker process 32
2022/04/18 15:48:21 [notice] 1#1: start worker process 33
2022/04/18 15:48:21 [notice] 1#1: start worker process 34
2022/04/18 15:48:21 [notice] 1#1: start worker process 35
2022/04/18 15:48:21 [notice] 1#1: start worker process 36
2022/04/18 15:48:21 [notice] 1#1: start worker process 37
2022/04/18 15:48:21 [notice] 1#1: start worker process 38
2022/04/18 15:48:26 [error] 31#31: *1 FastCGI sent in stderr: "Primary script unknown" while reading response header from upstream, client: 172.24.0.1, server: , request: "GET / HTTP/1.1", upstream: "fastcgi://172.24.0.2:9000", host: "localhost:8080"
2022/04/18 15:49:48 [notice] 1#1: signal 3 (SIGQUIT) received, shutting down
2022/04/18 15:49:48 [notice] 31#31: gracefully shutting down
2022/04/18 15:49:48 [notice] 32#32: gracefully shutting down
2022/04/18 15:49:48 [notice] 31#31: exiting
2022/04/18 15:49:48 [notice] 33#33: gracefully shutting down
2022/04/18 15:49:48 [notice] 32#32: exiting
2022/04/18 15:49:48 [notice] 34#34: gracefully shutting down
2022/04/18 15:49:48 [notice] 35#35: gracefully shutting down
2022/04/18 15:49:48 [notice] 33#33: exiting
2022/04/18 15:49:48 [notice] 38#38: gracefully shutting down
2022/04/18 15:49:48 [notice] 34#34: exiting
2022/04/18 15:49:48 [notice] 35#35: exiting
2022/04/18 15:49:48 [notice] 38#38: exiting
2022/04/18 15:49:48 [notice] 31#31: exit
2022/04/18 15:49:48 [notice] 36#36: gracefully shutting down
2022/04/18 15:49:48 [notice] 32#32: exit
2022/04/18 15:49:48 [notice] 36#36: exiting
2022/04/18 15:49:48 [notice] 33#33: exit
2022/04/18 15:49:48 [notice] 34#34: exit
2022/04/18 15:49:48 [notice] 38#38: exit
2022/04/18 15:49:48 [notice] 35#35: exit
2022/04/18 15:49:48 [notice] 36#36: exit
2022/04/18 15:49:48 [notice] 37#37: gracefully shutting down
2022/04/18 15:49:48 [notice] 37#37: exiting
2022/04/18 15:49:48 [notice] 37#37: exit
2022/04/18 15:49:49 [notice] 1#1: signal 17 (SIGCHLD) received from 38
2022/04/18 15:49:49 [notice] 1#1: worker process 32 exited with code 0
2022/04/18 15:49:49 [notice] 1#1: worker process 36 exited with code 0
2022/04/18 15:49:49 [notice] 1#1: worker process 37 exited with code 0
2022/04/18 15:49:49 [notice] 1#1: worker process 38 exited with code 0
2022/04/18 15:49:49 [notice] 1#1: signal 29 (SIGIO) received
2022/04/18 15:49:49 [notice] 1#1: signal 17 (SIGCHLD) received from 32
2022/04/18 15:49:49 [notice] 1#1: signal 17 (SIGCHLD) received from 34
2022/04/18 15:49:49 [notice] 1#1: worker process 34 exited with code 0
2022/04/18 15:49:49 [notice] 1#1: signal 29 (SIGIO) received
2022/04/18 15:49:49 [notice] 1#1: signal 17 (SIGCHLD) received from 35
2022/04/18 15:49:49 [notice] 1#1: worker process 33 exited with code 0
2022/04/18 15:49:49 [notice] 1#1: worker process 35 exited with code 0
2022/04/18 15:49:49 [notice] 1#1: signal 29 (SIGIO) received
2022/04/18 15:49:49 [notice] 1#1: signal 17 (SIGCHLD) received from 31
2022/04/18 15:49:49 [notice] 1#1: worker process 31 exited with code 0
2022/04/18 15:49:49 [notice] 1#1: exit
2022/04/18 15:49:57 [notice] 1#1: using the "epoll" event method
2022/04/18 15:49:57 [notice] 1#1: nginx/1.21.6
2022/04/18 15:49:57 [notice] 1#1: built by gcc 10.3.1 20211027 (Alpine 10.3.1_git20211027) 
2022/04/18 15:49:57 [notice] 1#1: OS: Linux 5.10.16.3-microsoft-standard-WSL2
2022/04/18 15:49:57 [notice] 1#1: getrlimit(RLIMIT_NOFILE): 1048576:1048576
2022/04/18 15:49:57 [notice] 1#1: start worker processes
2022/04/18 15:49:57 [notice] 1#1: start worker process 31
2022/04/18 15:49:57 [notice] 1#1: start worker process 32
2022/04/18 15:49:57 [notice] 1#1: start worker process 33
2022/04/18 15:49:57 [notice] 1#1: start worker process 34
2022/04/18 15:49:57 [notice] 1#1: start worker process 35
2022/04/18 15:49:57 [notice] 1#1: start worker process 36
2022/04/18 15:49:57 [notice] 1#1: start worker process 37
2022/04/18 15:49:57 [notice] 1#1: start worker process 38
2022/04/18 16:30:16 [notice] 1#1: signal 3 (SIGQUIT) received, shutting down
2022/04/18 16:30:16 [notice] 32#32: gracefully shutting down
2022/04/18 16:30:16 [notice] 33#33: gracefully shutting down
2022/04/18 16:30:16 [notice] 32#32: exiting
2022/04/18 16:30:16 [notice] 37#37: gracefully shutting down
2022/04/18 16:30:16 [notice] 35#35: gracefully shutting down
2022/04/18 16:30:16 [notice] 38#38: gracefully shutting down
2022/04/18 16:30:16 [notice] 36#36: gracefully shutting down
2022/04/18 16:30:16 [notice] 33#33: exiting
2022/04/18 16:30:16 [notice] 38#38: exiting
2022/04/18 16:30:16 [notice] 35#35: exiting
2022/04/18 16:30:16 [notice] 37#37: exiting
2022/04/18 16:30:16 [notice] 36#36: exiting
2022/04/18 16:30:16 [notice] 32#32: exit
2022/04/18 16:30:16 [notice] 38#38: exit
2022/04/18 16:30:16 [notice] 35#35: exit
2022/04/18 16:30:16 [notice] 36#36: exit
2022/04/18 16:30:16 [notice] 33#33: exit
2022/04/18 16:30:16 [notice] 37#37: exit
2022/04/18 16:30:16 [notice] 31#31: gracefully shutting down
2022/04/18 16:30:16 [notice] 34#34: gracefully shutting down
2022/04/18 16:30:16 [notice] 31#31: exiting
2022/04/18 16:30:16 [notice] 34#34: exiting
2022/04/18 16:30:16 [notice] 34#34: exit
2022/04/18 16:30:16 [notice] 31#31: exit
2022/04/18 16:30:17 [notice] 1#1: signal 17 (SIGCHLD) received from 36
2022/04/18 16:30:17 [notice] 1#1: worker process 35 exited with code 0
2022/04/18 16:30:17 [notice] 1#1: worker process 34 exited with code 0
2022/04/18 16:30:17 [notice] 1#1: worker process 36 exited with code 0
2022/04/18 16:30:17 [notice] 1#1: worker process 38 exited with code 0
2022/04/18 16:30:17 [notice] 1#1: signal 29 (SIGIO) received
2022/04/18 16:30:17 [notice] 1#1: signal 17 (SIGCHLD) received from 34
2022/04/18 16:30:17 [notice] 1#1: signal 17 (SIGCHLD) received from 37
2022/04/18 16:30:17 [notice] 1#1: worker process 37 exited with code 0
2022/04/18 16:30:17 [notice] 1#1: signal 29 (SIGIO) received
2022/04/18 16:30:17 [notice] 1#1: signal 17 (SIGCHLD) received from 32
2022/04/18 16:30:17 [notice] 1#1: worker process 32 exited with code 0
2022/04/18 16:30:17 [notice] 1#1: signal 29 (SIGIO) received
2022/04/18 16:30:17 [notice] 1#1: signal 17 (SIGCHLD) received from 31
2022/04/18 16:30:17 [notice] 1#1: worker process 31 exited with code 0
2022/04/18 16:30:17 [notice] 1#1: worker process 33 exited with code 0
2022/04/18 16:30:17 [notice] 1#1: exit
2022/04/18 16:35:24 [notice] 1#1: using the "epoll" event method
2022/04/18 16:35:24 [notice] 1#1: nginx/1.21.6
2022/04/18 16:35:24 [notice] 1#1: built by gcc 10.3.1 20211027 (Alpine 10.3.1_git20211027) 
2022/04/18 16:35:24 [notice] 1#1: OS: Linux 5.10.16.3-microsoft-standard-WSL2
2022/04/18 16:35:24 [notice] 1#1: getrlimit(RLIMIT_NOFILE): 1048576:1048576
2022/04/18 16:35:24 [notice] 1#1: start worker processes
2022/04/18 16:35:24 [notice] 1#1: start worker process 32
2022/04/18 16:35:24 [notice] 1#1: start worker process 33
2022/04/18 16:35:24 [notice] 1#1: start worker process 34
2022/04/18 16:35:24 [notice] 1#1: start worker process 35
2022/04/18 16:35:24 [notice] 1#1: start worker process 36
2022/04/18 16:35:24 [notice] 1#1: start worker process 37
2022/04/18 16:35:24 [notice] 1#1: start worker process 38
2022/04/18 16:35:24 [notice] 1#1: start worker process 39
2022/04/18 16:35:40 [notice] 1#1: signal 3 (SIGQUIT) received, shutting down
2022/04/18 16:35:40 [notice] 32#32: gracefully shutting down
2022/04/18 16:35:40 [notice] 33#33: gracefully shutting down
2022/04/18 16:35:40 [notice] 34#34: gracefully shutting down
2022/04/18 16:35:40 [notice] 32#32: exiting
2022/04/18 16:35:40 [notice] 35#35: gracefully shutting down
2022/04/18 16:35:40 [notice] 36#36: gracefully shutting down
2022/04/18 16:35:40 [notice] 34#34: exiting
2022/04/18 16:35:40 [notice] 33#33: exiting
2022/04/18 16:35:40 [notice] 37#37: gracefully shutting down
2022/04/18 16:35:40 [notice] 35#35: exiting
2022/04/18 16:35:40 [notice] 36#36: exiting
2022/04/18 16:35:40 [notice] 37#37: exiting
2022/04/18 16:35:40 [notice] 34#34: exit
2022/04/18 16:35:40 [notice] 33#33: exit
2022/04/18 16:35:40 [notice] 32#32: exit
2022/04/18 16:35:40 [notice] 35#35: exit
2022/04/18 16:35:40 [notice] 36#36: exit
2022/04/18 16:35:40 [notice] 37#37: exit
2022/04/18 16:35:40 [notice] 39#39: gracefully shutting down
2022/04/18 16:35:40 [notice] 39#39: exiting
2022/04/18 16:35:40 [notice] 38#38: gracefully shutting down
2022/04/18 16:35:40 [notice] 38#38: exiting
2022/04/18 16:35:40 [notice] 39#39: exit
2022/04/18 16:35:40 [notice] 38#38: exit
2022/04/18 16:35:41 [notice] 1#1: signal 17 (SIGCHLD) received from 32
2022/04/18 16:35:41 [notice] 1#1: worker process 32 exited with code 0
2022/04/18 16:35:41 [notice] 1#1: worker process 37 exited with code 0
2022/04/18 16:35:41 [notice] 1#1: worker process 39 exited with code 0
2022/04/18 16:35:41 [notice] 1#1: signal 29 (SIGIO) received
2022/04/18 16:35:41 [notice] 1#1: signal 17 (SIGCHLD) received from 37
2022/04/18 16:35:41 [notice] 1#1: signal 17 (SIGCHLD) received from 36
2022/04/18 16:35:41 [notice] 1#1: worker process 36 exited with code 0
2022/04/18 16:35:41 [notice] 1#1: signal 29 (SIGIO) received
2022/04/18 16:35:41 [notice] 1#1: signal 17 (SIGCHLD) received from 34
2022/04/18 16:35:41 [notice] 1#1: worker process 34 exited with code 0
2022/04/18 16:35:41 [notice] 1#1: signal 29 (SIGIO) received
2022/04/18 16:35:41 [notice] 1#1: signal 17 (SIGCHLD) received from 38
2022/04/18 16:35:41 [notice] 1#1: worker process 33 exited with code 0
2022/04/18 16:35:41 [notice] 1#1: worker process 35 exited with code 0
2022/04/18 16:35:41 [notice] 1#1: worker process 38 exited with code 0
2022/04/18 16:35:41 [notice] 1#1: exit
2022/04/18 16:35:50 [notice] 1#1: using the "epoll" event method
2022/04/18 16:35:50 [notice] 1#1: nginx/1.21.6
2022/04/18 16:35:50 [notice] 1#1: built by gcc 10.3.1 20211027 (Alpine 10.3.1_git20211027) 
2022/04/18 16:35:50 [notice] 1#1: OS: Linux 5.10.16.3-microsoft-standard-WSL2
2022/04/18 16:35:50 [notice] 1#1: getrlimit(RLIMIT_NOFILE): 1048576:1048576
2022/04/18 16:35:50 [notice] 1#1: start worker processes
2022/04/18 16:35:50 [notice] 1#1: start worker process 32
2022/04/18 16:35:50 [notice] 1#1: start worker process 33
2022/04/18 16:35:50 [notice] 1#1: start worker process 34
2022/04/18 16:35:50 [notice] 1#1: start worker process 35
2022/04/18 16:35:50 [notice] 1#1: start worker process 36
2022/04/18 16:35:50 [notice] 1#1: start worker process 37
2022/04/18 16:35:50 [notice] 1#1: start worker process 38
2022/04/18 16:35:50 [notice] 1#1: start worker process 39
2022/04/18 16:36:26 [notice] 1#1: signal 3 (SIGQUIT) received, shutting down
2022/04/18 16:36:26 [notice] 32#32: gracefully shutting down
2022/04/18 16:36:26 [notice] 33#33: gracefully shutting down
2022/04/18 16:36:26 [notice] 32#32: exiting
2022/04/18 16:36:26 [notice] 34#34: gracefully shutting down
2022/04/18 16:36:26 [notice] 33#33: exiting
2022/04/18 16:36:26 [notice] 34#34: exiting
2022/04/18 16:36:26 [notice] 35#35: gracefully shutting down
2022/04/18 16:36:26 [notice] 36#36: gracefully shutting down
2022/04/18 16:36:26 [notice] 35#35: exiting
2022/04/18 16:36:26 [notice] 37#37: gracefully shutting down
2022/04/18 16:36:26 [notice] 36#36: exiting
2022/04/18 16:36:26 [notice] 38#38: gracefully shutting down
2022/04/18 16:36:26 [notice] 37#37: exiting
2022/04/18 16:36:26 [notice] 38#38: exiting
2022/04/18 16:36:26 [notice] 32#32: exit
2022/04/18 16:36:26 [notice] 33#33: exit
2022/04/18 16:36:26 [notice] 34#34: exit
2022/04/18 16:36:26 [notice] 35#35: exit
2022/04/18 16:36:26 [notice] 36#36: exit
2022/04/18 16:36:26 [notice] 37#37: exit
2022/04/18 16:36:26 [notice] 38#38: exit
2022/04/18 16:36:26 [notice] 39#39: gracefully shutting down
2022/04/18 16:36:26 [notice] 39#39: exiting
2022/04/18 16:36:26 [notice] 39#39: exit
2022/04/18 16:36:26 [notice] 1#1: signal 17 (SIGCHLD) received from 35
2022/04/18 16:36:26 [notice] 1#1: worker process 35 exited with code 0
2022/04/18 16:36:26 [notice] 1#1: signal 29 (SIGIO) received
2022/04/18 16:36:26 [notice] 1#1: signal 17 (SIGCHLD) received from 37
2022/04/18 16:36:26 [notice] 1#1: worker process 34 exited with code 0
2022/04/18 16:36:26 [notice] 1#1: worker process 37 exited with code 0
2022/04/18 16:36:26 [notice] 1#1: signal 29 (SIGIO) received
2022/04/18 16:36:26 [notice] 1#1: signal 17 (SIGCHLD) received from 34
2022/04/18 16:36:26 [notice] 1#1: signal 17 (SIGCHLD) received from 33
2022/04/18 16:36:26 [notice] 1#1: worker process 32 exited with code 0
2022/04/18 16:36:26 [notice] 1#1: worker process 33 exited with code 0
2022/04/18 16:36:26 [notice] 1#1: signal 29 (SIGIO) received
2022/04/18 16:36:26 [notice] 1#1: signal 17 (SIGCHLD) received from 39
2022/04/18 16:36:26 [notice] 1#1: worker process 39 exited with code 0
2022/04/18 16:36:26 [notice] 1#1: signal 29 (SIGIO) received
2022/04/18 16:36:26 [notice] 1#1: signal 17 (SIGCHLD) received from 36
2022/04/18 16:36:26 [notice] 1#1: worker process 36 exited with code 0
2022/04/18 16:36:26 [notice] 1#1: signal 29 (SIGIO) received
2022/04/18 16:36:26 [notice] 1#1: signal 17 (SIGCHLD) received from 38
2022/04/18 16:36:26 [notice] 1#1: worker process 38 exited with code 0
2022/04/18 16:36:26 [notice] 1#1: exit
2022/04/18 16:36:36 [notice] 1#1: using the "epoll" event method
2022/04/18 16:36:36 [notice] 1#1: nginx/1.21.6
2022/04/18 16:36:36 [notice] 1#1: built by gcc 10.3.1 20211027 (Alpine 10.3.1_git20211027) 
2022/04/18 16:36:36 [notice] 1#1: OS: Linux 5.10.16.3-microsoft-standard-WSL2
2022/04/18 16:36:36 [notice] 1#1: getrlimit(RLIMIT_NOFILE): 1048576:1048576
2022/04/18 16:36:36 [notice] 1#1: start worker processes
2022/04/18 16:36:36 [notice] 1#1: start worker process 31
2022/04/18 16:36:36 [notice] 1#1: start worker process 32
2022/04/18 16:36:36 [notice] 1#1: start worker process 33
2022/04/18 16:36:36 [notice] 1#1: start worker process 34
2022/04/18 16:36:36 [notice] 1#1: start worker process 35
2022/04/18 16:36:36 [notice] 1#1: start worker process 36
2022/04/18 16:36:36 [notice] 1#1: start worker process 37
2022/04/18 16:36:36 [notice] 1#1: start worker process 38
2022/04/18 16:36:47 [notice] 1#1: signal 3 (SIGQUIT) received, shutting down
2022/04/18 16:36:47 [notice] 31#31: gracefully shutting down
2022/04/18 16:36:47 [notice] 32#32: gracefully shutting down
2022/04/18 16:36:47 [notice] 33#33: gracefully shutting down
2022/04/18 16:36:47 [notice] 34#34: gracefully shutting down
2022/04/18 16:36:47 [notice] 31#31: exiting
2022/04/18 16:36:47 [notice] 32#32: exiting
2022/04/18 16:36:47 [notice] 35#35: gracefully shutting down
2022/04/18 16:36:47 [notice] 33#33: exiting
2022/04/18 16:36:47 [notice] 36#36: gracefully shutting down
2022/04/18 16:36:47 [notice] 34#34: exiting
2022/04/18 16:36:47 [notice] 37#37: gracefully shutting down
2022/04/18 16:36:47 [notice] 35#35: exiting
2022/04/18 16:36:47 [notice] 36#36: exiting
2022/04/18 16:36:47 [notice] 37#37: exiting
2022/04/18 16:36:47 [notice] 32#32: exit
2022/04/18 16:36:47 [notice] 31#31: exit
2022/04/18 16:36:47 [notice] 33#33: exit
2022/04/18 16:36:47 [notice] 34#34: exit
2022/04/18 16:36:47 [notice] 35#35: exit
2022/04/18 16:36:47 [notice] 36#36: exit
2022/04/18 16:36:47 [notice] 37#37: exit
2022/04/18 16:36:47 [notice] 38#38: gracefully shutting down
2022/04/18 16:36:47 [notice] 38#38: exiting
2022/04/18 16:36:47 [notice] 38#38: exit
2022/04/18 16:36:47 [notice] 1#1: signal 17 (SIGCHLD) received from 36
2022/04/18 16:36:47 [notice] 1#1: worker process 36 exited with code 0
2022/04/18 16:36:47 [notice] 1#1: signal 29 (SIGIO) received
2022/04/18 16:36:47 [notice] 1#1: signal 17 (SIGCHLD) received from 38
2022/04/18 16:36:47 [notice] 1#1: worker process 32 exited with code 0
2022/04/18 16:36:47 [notice] 1#1: worker process 34 exited with code 0
2022/04/18 16:36:47 [notice] 1#1: worker process 37 exited with code 0
2022/04/18 16:36:47 [notice] 1#1: worker process 38 exited with code 0
2022/04/18 16:36:47 [notice] 1#1: signal 29 (SIGIO) received
2022/04/18 16:36:47 [notice] 1#1: signal 17 (SIGCHLD) received from 31
2022/04/18 16:36:47 [notice] 1#1: worker process 31 exited with code 0
2022/04/18 16:36:47 [notice] 1#1: worker process 35 exited with code 0
2022/04/18 16:36:47 [notice] 1#1: signal 29 (SIGIO) received
2022/04/18 16:36:47 [notice] 1#1: signal 17 (SIGCHLD) received from 33
2022/04/18 16:36:47 [notice] 1#1: worker process 33 exited with code 0
2022/04/18 16:36:47 [notice] 1#1: exit
2022/04/18 16:52:50 [notice] 1#1: using the "epoll" event method
2022/04/18 16:52:50 [notice] 1#1: nginx/1.21.6
2022/04/18 16:52:50 [notice] 1#1: built by gcc 10.3.1 20211027 (Alpine 10.3.1_git20211027) 
2022/04/18 16:52:50 [notice] 1#1: OS: Linux 5.10.16.3-microsoft-standard-WSL2
2022/04/18 16:52:50 [notice] 1#1: getrlimit(RLIMIT_NOFILE): 1048576:1048576
2022/04/18 16:52:50 [notice] 1#1: start worker processes
2022/04/18 16:52:50 [notice] 1#1: start worker process 32
2022/04/18 16:52:50 [notice] 1#1: start worker process 33
2022/04/18 16:52:50 [notice] 1#1: start worker process 34
2022/04/18 16:52:50 [notice] 1#1: start worker process 35
2022/04/18 16:52:50 [notice] 1#1: start worker process 36
2022/04/18 16:52:50 [notice] 1#1: start worker process 37
2022/04/18 16:52:50 [notice] 1#1: start worker process 38
2022/04/18 16:52:50 [notice] 1#1: start worker process 39
2022/04/18 16:59:44 [notice] 1#1: signal 3 (SIGQUIT) received, shutting down
2022/04/18 16:59:44 [notice] 38#38: gracefully shutting down
2022/04/18 16:59:44 [notice] 32#32: gracefully shutting down
2022/04/18 16:59:44 [notice] 33#33: gracefully shutting down
2022/04/18 16:59:44 [notice] 34#34: gracefully shutting down
2022/04/18 16:59:44 [notice] 36#36: gracefully shutting down
2022/04/18 16:59:44 [notice] 39#39: gracefully shutting down
2022/04/18 16:59:44 [notice] 38#38: exiting
2022/04/18 16:59:44 [notice] 32#32: exiting
2022/04/18 16:59:44 [notice] 33#33: exiting
2022/04/18 16:59:44 [notice] 34#34: exiting
2022/04/18 16:59:44 [notice] 39#39: exiting
2022/04/18 16:59:44 [notice] 36#36: exiting
2022/04/18 16:59:44 [notice] 33#33: exit
2022/04/18 16:59:44 [notice] 32#32: exit
2022/04/18 16:59:44 [notice] 34#34: exit
2022/04/18 16:59:44 [notice] 38#38: exit
2022/04/18 16:59:44 [notice] 36#36: exit
2022/04/18 16:59:44 [notice] 39#39: exit
2022/04/18 16:59:44 [notice] 35#35: gracefully shutting down
2022/04/18 16:59:44 [notice] 35#35: exiting
2022/04/18 16:59:44 [notice] 35#35: exit
2022/04/18 16:59:44 [notice] 37#37: gracefully shutting down
2022/04/18 16:59:44 [notice] 37#37: exiting
2022/04/18 16:59:44 [notice] 37#37: exit
2022/04/18 16:59:44 [notice] 1#1: signal 17 (SIGCHLD) received from 32
2022/04/18 16:59:44 [notice] 1#1: worker process 32 exited with code 0
2022/04/18 16:59:44 [notice] 1#1: signal 29 (SIGIO) received
2022/04/18 16:59:44 [notice] 1#1: signal 17 (SIGCHLD) received from 34
2022/04/18 16:59:44 [notice] 1#1: worker process 34 exited with code 0
2022/04/18 16:59:44 [notice] 1#1: worker process 35 exited with code 0
2022/04/18 16:59:44 [notice] 1#1: worker process 38 exited with code 0
2022/04/18 16:59:44 [notice] 1#1: signal 29 (SIGIO) received
2022/04/18 16:59:44 [notice] 1#1: signal 17 (SIGCHLD) received from 38
2022/04/18 16:59:44 [notice] 1#1: signal 17 (SIGCHLD) received from 37
2022/04/18 16:59:44 [notice] 1#1: worker process 37 exited with code 0
2022/04/18 16:59:44 [notice] 1#1: signal 29 (SIGIO) received
2022/04/18 16:59:44 [notice] 1#1: signal 17 (SIGCHLD) received from 33
2022/04/18 16:59:44 [notice] 1#1: worker process 33 exited with code 0
2022/04/18 16:59:44 [notice] 1#1: signal 29 (SIGIO) received
2022/04/18 16:59:44 [notice] 1#1: signal 17 (SIGCHLD) received from 36
2022/04/18 16:59:44 [notice] 1#1: worker process 36 exited with code 0
2022/04/18 16:59:44 [notice] 1#1: signal 29 (SIGIO) received
2022/04/18 16:59:44 [notice] 1#1: signal 17 (SIGCHLD) received from 39
2022/04/18 16:59:44 [notice] 1#1: worker process 39 exited with code 0
2022/04/18 16:59:44 [notice] 1#1: exit
2022/04/18 16:59:59 [notice] 1#1: using the "epoll" event method
2022/04/18 16:59:59 [notice] 1#1: nginx/1.21.6
2022/04/18 16:59:59 [notice] 1#1: built by gcc 10.3.1 20211027 (Alpine 10.3.1_git20211027) 
2022/04/18 16:59:59 [notice] 1#1: OS: Linux 5.10.16.3-microsoft-standard-WSL2
2022/04/18 16:59:59 [notice] 1#1: getrlimit(RLIMIT_NOFILE): 1048576:1048576
2022/04/18 16:59:59 [notice] 1#1: start worker processes
2022/04/18 16:59:59 [notice] 1#1: start worker process 32
2022/04/18 16:59:59 [notice] 1#1: start worker process 33
2022/04/18 16:59:59 [notice] 1#1: start worker process 34
2022/04/18 16:59:59 [notice] 1#1: start worker process 35
2022/04/18 16:59:59 [notice] 1#1: start worker process 36
2022/04/18 16:59:59 [notice] 1#1: start worker process 37
2022/04/18 16:59:59 [notice] 1#1: start worker process 38
2022/04/18 16:59:59 [notice] 1#1: start worker process 39
2022/04/18 17:00:10 [error] 33#33: *1 FastCGI sent in stderr: "Primary script unknown" while reading response header from upstream, client: 172.30.0.1, server: , request: "GET / HTTP/1.1", upstream: "fastcgi://172.30.0.2:9000", host: "localhost:8080"
2022/04/18 17:00:48 [notice] 1#1: signal 3 (SIGQUIT) received, shutting down
2022/04/18 17:00:48 [notice] 33#33: gracefully shutting down
2022/04/18 17:00:48 [notice] 34#34: gracefully shutting down
2022/04/18 17:00:48 [notice] 35#35: gracefully shutting down
2022/04/18 17:00:48 [notice] 32#32: gracefully shutting down
2022/04/18 17:00:48 [notice] 34#34: exiting
2022/04/18 17:00:48 [notice] 36#36: gracefully shutting down
2022/04/18 17:00:48 [notice] 35#35: exiting
2022/04/18 17:00:48 [notice] 37#37: gracefully shutting down
2022/04/18 17:00:48 [notice] 32#32: exiting
2022/04/18 17:00:48 [notice] 33#33: exiting
2022/04/18 17:00:48 [notice] 36#36: exiting
2022/04/18 17:00:48 [notice] 37#37: exiting
2022/04/18 17:00:48 [notice] 35#35: exit
2022/04/18 17:00:48 [notice] 33#33: exit
2022/04/18 17:00:48 [notice] 32#32: exit
2022/04/18 17:00:48 [notice] 36#36: exit
2022/04/18 17:00:48 [notice] 34#34: exit
2022/04/18 17:00:48 [notice] 37#37: exit
2022/04/18 17:00:48 [notice] 39#39: gracefully shutting down
2022/04/18 17:00:48 [notice] 38#38: gracefully shutting down
2022/04/18 17:00:48 [notice] 39#39: exiting
2022/04/18 17:00:48 [notice] 38#38: exiting
2022/04/18 17:00:48 [notice] 39#39: exit
2022/04/18 17:00:48 [notice] 38#38: exit
2022/04/18 17:00:48 [notice] 1#1: signal 17 (SIGCHLD) received from 38
2022/04/18 17:00:48 [notice] 1#1: worker process 38 exited with code 0
2022/04/18 17:00:48 [notice] 1#1: signal 29 (SIGIO) received
2022/04/18 17:00:48 [notice] 1#1: signal 17 (SIGCHLD) received from 33
2022/04/18 17:00:48 [notice] 1#1: worker process 33 exited with code 0
2022/04/18 17:00:48 [notice] 1#1: signal 29 (SIGIO) received
2022/04/18 17:00:48 [notice] 1#1: signal 17 (SIGCHLD) received from 34
2022/04/18 17:00:48 [notice] 1#1: worker process 32 exited with code 0
2022/04/18 17:00:48 [notice] 1#1: worker process 34 exited with code 0
2022/04/18 17:00:48 [notice] 1#1: worker process 35 exited with code 0
2022/04/18 17:00:48 [notice] 1#1: worker process 37 exited with code 0
2022/04/18 17:00:48 [notice] 1#1: signal 29 (SIGIO) received
2022/04/18 17:00:48 [notice] 1#1: signal 17 (SIGCHLD) received from 39
2022/04/18 17:00:48 [notice] 1#1: worker process 39 exited with code 0
2022/04/18 17:00:48 [notice] 1#1: signal 29 (SIGIO) received
2022/04/18 17:00:48 [notice] 1#1: signal 17 (SIGCHLD) received from 36
2022/04/18 17:00:48 [notice] 1#1: worker process 36 exited with code 0
2022/04/18 17:00:48 [notice] 1#1: exit
2022/04/18 17:00:53 [notice] 1#1: using the "epoll" event method
2022/04/18 17:00:53 [notice] 1#1: nginx/1.21.6
2022/04/18 17:00:53 [notice] 1#1: built by gcc 10.3.1 20211027 (Alpine 10.3.1_git20211027) 
2022/04/18 17:00:53 [notice] 1#1: OS: Linux 5.10.16.3-microsoft-standard-WSL2
2022/04/18 17:00:53 [notice] 1#1: getrlimit(RLIMIT_NOFILE): 1048576:1048576
2022/04/18 17:00:53 [notice] 1#1: start worker processes
2022/04/18 17:00:53 [notice] 1#1: start worker process 31
2022/04/18 17:00:53 [notice] 1#1: start worker process 32
2022/04/18 17:00:53 [notice] 1#1: start worker process 33
2022/04/18 17:00:53 [notice] 1#1: start worker process 34
2022/04/18 17:00:53 [notice] 1#1: start worker process 35
2022/04/18 17:00:53 [notice] 1#1: start worker process 36
2022/04/18 17:00:53 [notice] 1#1: start worker process 37
2022/04/18 17:00:53 [notice] 1#1: start worker process 38
2022/04/18 17:06:14 [notice] 1#1: signal 3 (SIGQUIT) received, shutting down
2022/04/18 17:06:14 [notice] 32#32: gracefully shutting down
2022/04/18 17:06:14 [notice] 31#31: gracefully shutting down
2022/04/18 17:06:14 [notice] 33#33: gracefully shutting down
2022/04/18 17:06:14 [notice] 32#32: exiting
2022/04/18 17:06:14 [notice] 34#34: gracefully shutting down
2022/04/18 17:06:14 [notice] 35#35: gracefully shutting down
2022/04/18 17:06:14 [notice] 33#33: exiting
2022/04/18 17:06:14 [notice] 31#31: exiting
2022/04/18 17:06:14 [notice] 36#36: gracefully shutting down
2022/04/18 17:06:14 [notice] 34#34: exiting
2022/04/18 17:06:14 [notice] 36#36: exiting
2022/04/18 17:06:14 [notice] 35#35: exiting
2022/04/18 17:06:14 [notice] 38#38: gracefully shutting down
2022/04/18 17:06:14 [notice] 38#38: exiting
2022/04/18 17:06:14 [notice] 33#33: exit
2022/04/18 17:06:14 [notice] 31#31: exit
2022/04/18 17:06:14 [notice] 34#34: exit
2022/04/18 17:06:14 [notice] 32#32: exit
2022/04/18 17:06:14 [notice] 36#36: exit
2022/04/18 17:06:14 [notice] 35#35: exit
2022/04/18 17:06:14 [notice] 38#38: exit
2022/04/18 17:06:14 [notice] 37#37: gracefully shutting down
2022/04/18 17:06:14 [notice] 37#37: exiting
2022/04/18 17:06:14 [notice] 37#37: exit
2022/04/18 17:06:14 [notice] 1#1: signal 17 (SIGCHLD) received from 37
2022/04/18 17:06:14 [notice] 1#1: worker process 31 exited with code 0
2022/04/18 17:06:14 [notice] 1#1: worker process 37 exited with code 0
2022/04/18 17:06:14 [notice] 1#1: signal 29 (SIGIO) received
2022/04/18 17:06:14 [notice] 1#1: signal 17 (SIGCHLD) received from 34
2022/04/18 17:06:14 [notice] 1#1: worker process 32 exited with code 0
2022/04/18 17:06:14 [notice] 1#1: worker process 34 exited with code 0
2022/04/18 17:06:14 [notice] 1#1: worker process 36 exited with code 0
2022/04/18 17:06:14 [notice] 1#1: signal 29 (SIGIO) received
2022/04/18 17:06:14 [notice] 1#1: signal 17 (SIGCHLD) received from 38
2022/04/18 17:06:14 [notice] 1#1: worker process 38 exited with code 0
2022/04/18 17:06:14 [notice] 1#1: signal 29 (SIGIO) received
2022/04/18 17:06:14 [notice] 1#1: signal 17 (SIGCHLD) received from 33
2022/04/18 17:06:14 [notice] 1#1: worker process 33 exited with code 0
2022/04/18 17:06:14 [notice] 1#1: signal 29 (SIGIO) received
2022/04/18 17:06:14 [notice] 1#1: signal 17 (SIGCHLD) received from 35
2022/04/18 17:06:14 [notice] 1#1: worker process 35 exited with code 0
2022/04/18 17:06:14 [notice] 1#1: exit
2022/04/18 17:06:23 [notice] 1#1: using the "epoll" event method
2022/04/18 17:06:23 [notice] 1#1: nginx/1.21.6
2022/04/18 17:06:23 [notice] 1#1: built by gcc 10.3.1 20211027 (Alpine 10.3.1_git20211027) 
2022/04/18 17:06:23 [notice] 1#1: OS: Linux 5.10.16.3-microsoft-standard-WSL2
2022/04/18 17:06:23 [notice] 1#1: getrlimit(RLIMIT_NOFILE): 1048576:1048576
2022/04/18 17:06:23 [notice] 1#1: start worker processes
2022/04/18 17:06:23 [notice] 1#1: start worker process 32
2022/04/18 17:06:23 [notice] 1#1: start worker process 33
2022/04/18 17:06:23 [notice] 1#1: start worker process 34
2022/04/18 17:06:23 [notice] 1#1: start worker process 35
2022/04/18 17:06:23 [notice] 1#1: start worker process 36
2022/04/18 17:06:23 [notice] 1#1: start worker process 37
2022/04/18 17:06:23 [notice] 1#1: start worker process 38
2022/04/18 17:06:23 [notice] 1#1: start worker process 39
2022/04/18 17:07:05 [notice] 1#1: signal 3 (SIGQUIT) received, shutting down
2022/04/18 17:07:05 [notice] 35#35: gracefully shutting down
2022/04/18 17:07:05 [notice] 39#39: gracefully shutting down
2022/04/18 17:07:05 [notice] 35#35: exiting
2022/04/18 17:07:05 [notice] 39#39: exiting
2022/04/18 17:07:05 [notice] 35#35: exit
2022/04/18 17:07:05 [notice] 39#39: exit
2022/04/18 17:07:05 [notice] 34#34: gracefully shutting down
2022/04/18 17:07:05 [notice] 36#36: gracefully shutting down
2022/04/18 17:07:05 [notice] 36#36: exiting
2022/04/18 17:07:05 [notice] 34#34: exiting
2022/04/18 17:07:05 [notice] 36#36: exit
2022/04/18 17:07:05 [notice] 34#34: exit
2022/04/18 17:07:05 [notice] 37#37: gracefully shutting down
2022/04/18 17:07:05 [notice] 37#37: exiting
2022/04/18 17:07:05 [notice] 33#33: gracefully shutting down
2022/04/18 17:07:05 [notice] 33#33: exiting
2022/04/18 17:07:05 [notice] 37#37: exit
2022/04/18 17:07:05 [notice] 33#33: exit
2022/04/18 17:07:05 [notice] 38#38: gracefully shutting down
2022/04/18 17:07:05 [notice] 38#38: exiting
2022/04/18 17:07:05 [notice] 32#32: gracefully shutting down
2022/04/18 17:07:05 [notice] 32#32: exiting
2022/04/18 17:07:05 [notice] 38#38: exit
2022/04/18 17:07:05 [notice] 32#32: exit
2022/04/18 17:07:05 [notice] 1#1: signal 17 (SIGCHLD) received from 39
2022/04/18 17:07:05 [notice] 1#1: worker process 32 exited with code 0
2022/04/18 17:07:05 [notice] 1#1: worker process 33 exited with code 0
2022/04/18 17:07:05 [notice] 1#1: worker process 39 exited with code 0
2022/04/18 17:07:05 [notice] 1#1: signal 29 (SIGIO) received
2022/04/18 17:07:05 [notice] 1#1: signal 17 (SIGCHLD) received from 32
2022/04/18 17:07:05 [notice] 1#1: worker process 34 exited with code 0
2022/04/18 17:07:05 [notice] 1#1: signal 29 (SIGIO) received
2022/04/18 17:07:05 [notice] 1#1: signal 17 (SIGCHLD) received from 37
2022/04/18 17:07:05 [notice] 1#1: worker process 35 exited with code 0
2022/04/18 17:07:05 [notice] 1#1: worker process 36 exited with code 0
2022/04/18 17:07:05 [notice] 1#1: worker process 37 exited with code 0
2022/04/18 17:07:05 [notice] 1#1: worker process 38 exited with code 0
2022/04/18 17:07:05 [notice] 1#1: exit
2022/04/18 17:07:14 [notice] 1#1: using the "epoll" event method
2022/04/18 17:07:14 [notice] 1#1: nginx/1.21.6
2022/04/18 17:07:14 [notice] 1#1: built by gcc 10.3.1 20211027 (Alpine 10.3.1_git20211027) 
2022/04/18 17:07:14 [notice] 1#1: OS: Linux 5.10.16.3-microsoft-standard-WSL2
2022/04/18 17:07:14 [notice] 1#1: getrlimit(RLIMIT_NOFILE): 1048576:1048576
2022/04/18 17:07:14 [notice] 1#1: start worker processes
2022/04/18 17:07:14 [notice] 1#1: start worker process 32
2022/04/18 17:07:14 [notice] 1#1: start worker process 33
2022/04/18 17:07:14 [notice] 1#1: start worker process 34
2022/04/18 17:07:14 [notice] 1#1: start worker process 35
2022/04/18 17:07:14 [notice] 1#1: start worker process 36
2022/04/18 17:07:14 [notice] 1#1: start worker process 37
2022/04/18 17:07:14 [notice] 1#1: start worker process 38
2022/04/18 17:07:14 [notice] 1#1: start worker process 39
2022/04/18 17:09:12 [notice] 1#1: signal 3 (SIGQUIT) received, shutting down
2022/04/18 17:09:12 [notice] 34#34: gracefully shutting down
2022/04/18 17:09:12 [notice] 32#32: gracefully shutting down
2022/04/18 17:09:12 [notice] 35#35: gracefully shutting down
2022/04/18 17:09:12 [notice] 34#34: exiting
2022/04/18 17:09:12 [notice] 39#39: gracefully shutting down
2022/04/18 17:09:12 [notice] 36#36: gracefully shutting down
2022/04/18 17:09:12 [notice] 32#32: exiting
2022/04/18 17:09:12 [notice] 35#35: exiting
2022/04/18 17:09:12 [notice] 33#33: gracefully shutting down
2022/04/18 17:09:12 [notice] 39#39: exiting
2022/04/18 17:09:12 [notice] 36#36: exiting
2022/04/18 17:09:12 [notice] 33#33: exiting
2022/04/18 17:09:12 [notice] 34#34: exit
2022/04/18 17:09:12 [notice] 35#35: exit
2022/04/18 17:09:12 [notice] 39#39: exit
2022/04/18 17:09:12 [notice] 32#32: exit
2022/04/18 17:09:12 [notice] 36#36: exit
2022/04/18 17:09:12 [notice] 33#33: exit
2022/04/18 17:09:12 [notice] 37#37: gracefully shutting down
2022/04/18 17:09:12 [notice] 38#38: gracefully shutting down
2022/04/18 17:09:12 [notice] 37#37: exiting
2022/04/18 17:09:12 [notice] 38#38: exiting
2022/04/18 17:09:12 [notice] 37#37: exit
2022/04/18 17:09:12 [notice] 38#38: exit
2022/04/18 17:09:12 [notice] 1#1: signal 17 (SIGCHLD) received from 33
2022/04/18 17:09:12 [notice] 1#1: worker process 33 exited with code 0
2022/04/18 17:09:12 [notice] 1#1: worker process 34 exited with code 0
2022/04/18 17:09:12 [notice] 1#1: worker process 36 exited with code 0
2022/04/18 17:09:12 [notice] 1#1: signal 29 (SIGIO) received
2022/04/18 17:09:12 [notice] 1#1: signal 17 (SIGCHLD) received from 38
2022/04/18 17:09:12 [notice] 1#1: worker process 32 exited with code 0
2022/04/18 17:09:12 [notice] 1#1: worker process 37 exited with code 0
2022/04/18 17:09:12 [notice] 1#1: worker process 38 exited with code 0
2022/04/18 17:09:12 [notice] 1#1: worker process 39 exited with code 0
2022/04/18 17:09:12 [notice] 1#1: signal 29 (SIGIO) received
2022/04/18 17:09:12 [notice] 1#1: signal 17 (SIGCHLD) received from 35
2022/04/18 17:09:12 [notice] 1#1: worker process 35 exited with code 0
2022/04/18 17:09:12 [notice] 1#1: exit
2022/04/18 17:09:14 [notice] 1#1: using the "epoll" event method
2022/04/18 17:09:14 [notice] 1#1: nginx/1.21.6
2022/04/18 17:09:14 [notice] 1#1: built by gcc 10.3.1 20211027 (Alpine 10.3.1_git20211027) 
2022/04/18 17:09:14 [notice] 1#1: OS: Linux 5.10.16.3-microsoft-standard-WSL2
2022/04/18 17:09:14 [notice] 1#1: getrlimit(RLIMIT_NOFILE): 1048576:1048576
2022/04/18 17:09:14 [notice] 1#1: start worker processes
2022/04/18 17:09:14 [notice] 1#1: start worker process 31
2022/04/18 17:09:14 [notice] 1#1: start worker process 32
2022/04/18 17:09:14 [notice] 1#1: start worker process 33
2022/04/18 17:09:14 [notice] 1#1: start worker process 34
2022/04/18 17:09:14 [notice] 1#1: start worker process 35
2022/04/18 17:09:14 [notice] 1#1: start worker process 36
2022/04/18 17:09:14 [notice] 1#1: start worker process 37
2022/04/18 17:09:14 [notice] 1#1: start worker process 38
2022/04/18 18:00:05 [notice] 1#1: signal 3 (SIGQUIT) received, shutting down
2022/04/18 18:00:05 [notice] 31#31: gracefully shutting down
2022/04/18 18:00:05 [notice] 32#32: gracefully shutting down
2022/04/18 18:00:05 [notice] 33#33: gracefully shutting down
2022/04/18 18:00:05 [notice] 34#34: gracefully shutting down
2022/04/18 18:00:05 [notice] 31#31: exiting
2022/04/18 18:00:05 [notice] 33#33: exiting
2022/04/18 18:00:05 [notice] 35#35: gracefully shutting down
2022/04/18 18:00:05 [notice] 34#34: exiting
2022/04/18 18:00:05 [notice] 36#36: gracefully shutting down
2022/04/18 18:00:05 [notice] 37#37: gracefully shutting down
2022/04/18 18:00:05 [notice] 35#35: exiting
2022/04/18 18:00:05 [notice] 36#36: exiting
2022/04/18 18:00:05 [notice] 32#32: exiting
2022/04/18 18:00:05 [notice] 33#33: exit
2022/04/18 18:00:05 [notice] 31#31: exit
2022/04/18 18:00:05 [notice] 35#35: exit
2022/04/18 18:00:05 [notice] 34#34: exit
2022/04/18 18:00:05 [notice] 37#37: exiting
2022/04/18 18:00:05 [notice] 36#36: exit
2022/04/18 18:00:05 [notice] 32#32: exit
2022/04/18 18:00:05 [notice] 37#37: exit
2022/04/18 18:00:05 [notice] 38#38: gracefully shutting down
2022/04/18 18:00:05 [notice] 38#38: exiting
2022/04/18 18:00:05 [notice] 38#38: exit
2022/04/18 18:00:05 [notice] 1#1: signal 17 (SIGCHLD) received from 36
2022/04/18 18:00:05 [notice] 1#1: worker process 31 exited with code 0
2022/04/18 18:00:05 [notice] 1#1: worker process 36 exited with code 0
2022/04/18 18:00:05 [notice] 1#1: worker process 37 exited with code 0
2022/04/18 18:00:05 [notice] 1#1: signal 29 (SIGIO) received
2022/04/18 18:00:05 [notice] 1#1: signal 17 (SIGCHLD) received from 38
2022/04/18 18:00:05 [notice] 1#1: worker process 38 exited with code 0
2022/04/18 18:00:05 [notice] 1#1: signal 29 (SIGIO) received
2022/04/18 18:00:05 [notice] 1#1: signal 17 (SIGCHLD) received from 34
2022/04/18 18:00:05 [notice] 1#1: worker process 34 exited with code 0
2022/04/18 18:00:05 [notice] 1#1: signal 29 (SIGIO) received
2022/04/18 18:00:05 [notice] 1#1: signal 17 (SIGCHLD) received from 32
2022/04/18 18:00:05 [notice] 1#1: worker process 32 exited with code 0
2022/04/18 18:00:05 [notice] 1#1: signal 17 (SIGCHLD) received from 35
2022/04/18 18:00:05 [notice] 1#1: worker process 35 exited with code 0
2022/04/18 18:00:05 [notice] 1#1: worker process 33 exited with code 0
2022/04/18 18:00:05 [notice] 1#1: exit
2022/04/18 18:00:16 [notice] 1#1: using the "epoll" event method
2022/04/18 18:00:16 [notice] 1#1: nginx/1.21.6
2022/04/18 18:00:16 [notice] 1#1: built by gcc 10.3.1 20211027 (Alpine 10.3.1_git20211027) 
2022/04/18 18:00:16 [notice] 1#1: OS: Linux 5.10.16.3-microsoft-standard-WSL2
2022/04/18 18:00:16 [notice] 1#1: getrlimit(RLIMIT_NOFILE): 1048576:1048576
2022/04/18 18:00:16 [notice] 1#1: start worker processes
2022/04/18 18:00:16 [notice] 1#1: start worker process 31
2022/04/18 18:00:16 [notice] 1#1: start worker process 32
2022/04/18 18:00:16 [notice] 1#1: start worker process 33
2022/04/18 18:00:16 [notice] 1#1: start worker process 34
2022/04/18 18:00:16 [notice] 1#1: start worker process 35
2022/04/18 18:00:16 [notice] 1#1: start worker process 36
2022/04/18 18:00:16 [notice] 1#1: start worker process 37
2022/04/18 18:00:16 [notice] 1#1: start worker process 38
2022/04/18 18:03:36 [notice] 1#1: signal 3 (SIGQUIT) received, shutting down
2022/04/18 18:03:36 [notice] 34#34: gracefully shutting down
2022/04/18 18:03:36 [notice] 37#37: gracefully shutting down
2022/04/18 18:03:36 [notice] 35#35: gracefully shutting down
2022/04/18 18:03:36 [notice] 33#33: gracefully shutting down
2022/04/18 18:03:36 [notice] 34#34: exiting
2022/04/18 18:03:36 [notice] 37#37: exiting
2022/04/18 18:03:36 [notice] 35#35: exiting
2022/04/18 18:03:36 [notice] 33#33: exiting
2022/04/18 18:03:36 [notice] 34#34: exit
2022/04/18 18:03:36 [notice] 37#37: exit
2022/04/18 18:03:36 [notice] 33#33: exit
2022/04/18 18:03:36 [notice] 35#35: exit
2022/04/18 18:03:36 [notice] 32#32: gracefully shutting down
2022/04/18 18:03:36 [notice] 32#32: exiting
2022/04/18 18:03:36 [notice] 32#32: exit
2022/04/18 18:03:36 [notice] 36#36: gracefully shutting down
2022/04/18 18:03:36 [notice] 36#36: exiting
2022/04/18 18:03:36 [notice] 31#31: gracefully shutting down
2022/04/18 18:03:36 [notice] 31#31: exiting
2022/04/18 18:03:36 [notice] 36#36: exit
2022/04/18 18:03:36 [notice] 31#31: exit
2022/04/18 18:03:36 [notice] 38#38: gracefully shutting down
2022/04/18 18:03:36 [notice] 38#38: exiting
2022/04/18 18:03:36 [notice] 38#38: exit
2022/04/18 18:03:36 [notice] 1#1: signal 17 (SIGCHLD) received from 32
2022/04/18 18:03:36 [notice] 1#1: worker process 32 exited with code 0
2022/04/18 18:03:36 [notice] 1#1: worker process 36 exited with code 0
2022/04/18 18:03:36 [notice] 1#1: worker process 37 exited with code 0
2022/04/18 18:03:36 [notice] 1#1: signal 29 (SIGIO) received
2022/04/18 18:03:36 [notice] 1#1: signal 17 (SIGCHLD) received from 36
2022/04/18 18:03:36 [notice] 1#1: worker process 38 exited with code 0
2022/04/18 18:03:36 [notice] 1#1: signal 29 (SIGIO) received
2022/04/18 18:03:36 [notice] 1#1: signal 17 (SIGCHLD) received from 31
2022/04/18 18:03:36 [notice] 1#1: worker process 31 exited with code 0
2022/04/18 18:03:36 [notice] 1#1: worker process 34 exited with code 0
2022/04/18 18:03:36 [notice] 1#1: signal 29 (SIGIO) received
2022/04/18 18:03:36 [notice] 1#1: signal 17 (SIGCHLD) received from 35
2022/04/18 18:03:36 [notice] 1#1: worker process 35 exited with code 0
2022/04/18 18:03:36 [notice] 1#1: signal 29 (SIGIO) received
2022/04/18 18:03:36 [notice] 1#1: signal 17 (SIGCHLD) received from 33
2022/04/18 18:03:36 [notice] 1#1: worker process 33 exited with code 0
2022/04/18 18:03:36 [notice] 1#1: exit
2022/04/18 18:03:44 [notice] 1#1: using the "epoll" event method
2022/04/18 18:03:44 [notice] 1#1: nginx/1.21.6
2022/04/18 18:03:44 [notice] 1#1: built by gcc 10.3.1 20211027 (Alpine 10.3.1_git20211027) 
2022/04/18 18:03:44 [notice] 1#1: OS: Linux 5.10.16.3-microsoft-standard-WSL2
2022/04/18 18:03:44 [notice] 1#1: getrlimit(RLIMIT_NOFILE): 1048576:1048576
2022/04/18 18:03:44 [notice] 1#1: start worker processes
2022/04/18 18:03:44 [notice] 1#1: start worker process 32
2022/04/18 18:03:44 [notice] 1#1: start worker process 33
2022/04/18 18:03:44 [notice] 1#1: start worker process 34
2022/04/18 18:03:44 [notice] 1#1: start worker process 35
2022/04/18 18:03:44 [notice] 1#1: start worker process 36
2022/04/18 18:03:44 [notice] 1#1: start worker process 37
2022/04/18 18:03:44 [notice] 1#1: start worker process 38
2022/04/18 18:03:44 [notice] 1#1: start worker process 39
2022/04/18 18:03:53 [notice] 1#1: signal 3 (SIGQUIT) received, shutting down
2022/04/18 18:03:53 [notice] 33#33: gracefully shutting down
2022/04/18 18:03:53 [notice] 37#37: gracefully shutting down
2022/04/18 18:03:53 [notice] 34#34: gracefully shutting down
2022/04/18 18:03:53 [notice] 35#35: gracefully shutting down
2022/04/18 18:03:53 [notice] 32#32: gracefully shutting down
2022/04/18 18:03:53 [notice] 38#38: gracefully shutting down
2022/04/18 18:03:53 [notice] 39#39: gracefully shutting down
2022/04/18 18:03:53 [notice] 33#33: exiting
2022/04/18 18:03:53 [notice] 37#37: exiting
2022/04/18 18:03:53 [notice] 34#34: exiting
2022/04/18 18:03:53 [notice] 35#35: exiting
2022/04/18 18:03:53 [notice] 32#32: exiting
2022/04/18 18:03:53 [notice] 38#38: exiting
2022/04/18 18:03:53 [notice] 39#39: exiting
2022/04/18 18:03:53 [notice] 34#34: exit
2022/04/18 18:03:53 [notice] 33#33: exit
2022/04/18 18:03:53 [notice] 37#37: exit
2022/04/18 18:03:53 [notice] 35#35: exit
2022/04/18 18:03:53 [notice] 38#38: exit
2022/04/18 18:03:53 [notice] 39#39: exit
2022/04/18 18:03:53 [notice] 32#32: exit
2022/04/18 18:03:53 [notice] 36#36: gracefully shutting down
2022/04/18 18:03:53 [notice] 36#36: exiting
2022/04/18 18:03:53 [notice] 36#36: exit
2022/04/18 18:03:53 [notice] 1#1: signal 17 (SIGCHLD) received from 37
2022/04/18 18:03:53 [notice] 1#1: worker process 36 exited with code 0
2022/04/18 18:03:53 [notice] 1#1: worker process 37 exited with code 0
2022/04/18 18:03:53 [notice] 1#1: signal 29 (SIGIO) received
2022/04/18 18:03:53 [notice] 1#1: signal 17 (SIGCHLD) received from 33
2022/04/18 18:03:53 [notice] 1#1: worker process 33 exited with code 0
2022/04/18 18:03:53 [notice] 1#1: signal 29 (SIGIO) received
2022/04/18 18:03:53 [notice] 1#1: signal 17 (SIGCHLD) received from 39
2022/04/18 18:03:53 [notice] 1#1: worker process 32 exited with code 0
2022/04/18 18:03:53 [notice] 1#1: worker process 34 exited with code 0
2022/04/18 18:03:53 [notice] 1#1: worker process 38 exited with code 0
2022/04/18 18:03:53 [notice] 1#1: worker process 39 exited with code 0
2022/04/18 18:03:53 [notice] 1#1: signal 29 (SIGIO) received
2022/04/18 18:03:53 [notice] 1#1: signal 17 (SIGCHLD) received from 35
2022/04/18 18:03:53 [notice] 1#1: worker process 35 exited with code 0
2022/04/18 18:03:53 [notice] 1#1: exit
2022/04/18 18:13:54 [notice] 1#1: using the "epoll" event method
2022/04/18 18:13:54 [notice] 1#1: nginx/1.21.6
2022/04/18 18:13:54 [notice] 1#1: built by gcc 10.3.1 20211027 (Alpine 10.3.1_git20211027) 
2022/04/18 18:13:54 [notice] 1#1: OS: Linux 5.10.16.3-microsoft-standard-WSL2
2022/04/18 18:13:54 [notice] 1#1: getrlimit(RLIMIT_NOFILE): 1048576:1048576
2022/04/18 18:13:54 [notice] 1#1: start worker processes
2022/04/18 18:13:54 [notice] 1#1: start worker process 32
2022/04/18 18:13:54 [notice] 1#1: start worker process 33
2022/04/18 18:13:54 [notice] 1#1: start worker process 34
2022/04/18 18:13:54 [notice] 1#1: start worker process 35
2022/04/18 18:13:54 [notice] 1#1: start worker process 36
2022/04/18 18:13:54 [notice] 1#1: start worker process 37
2022/04/18 18:13:54 [notice] 1#1: start worker process 38
2022/04/18 18:13:54 [notice] 1#1: start worker process 39
2022/04/18 18:14:28 [notice] 1#1: signal 3 (SIGQUIT) received, shutting down
2022/04/18 18:14:28 [notice] 34#34: gracefully shutting down
2022/04/18 18:14:28 [notice] 35#35: gracefully shutting down
2022/04/18 18:14:28 [notice] 36#36: gracefully shutting down
2022/04/18 18:14:28 [notice] 34#34: exiting
2022/04/18 18:14:28 [notice] 32#32: gracefully shutting down
2022/04/18 18:14:28 [notice] 35#35: exiting
2022/04/18 18:14:28 [notice] 33#33: gracefully shutting down
2022/04/18 18:14:28 [notice] 36#36: exiting
2022/04/18 18:14:28 [notice] 38#38: gracefully shutting down
2022/04/18 18:14:28 [notice] 32#32: exiting
2022/04/18 18:14:28 [notice] 33#33: exiting
2022/04/18 18:14:28 [notice] 38#38: exiting
2022/04/18 18:14:28 [notice] 36#36: exit
2022/04/18 18:14:28 [notice] 35#35: exit
2022/04/18 18:14:28 [notice] 34#34: exit
2022/04/18 18:14:28 [notice] 38#38: exit
2022/04/18 18:14:28 [notice] 32#32: exit
2022/04/18 18:14:28 [notice] 33#33: exit
2022/04/18 18:14:28 [notice] 37#37: gracefully shutting down
2022/04/18 18:14:28 [notice] 37#37: exiting
2022/04/18 18:14:28 [notice] 37#37: exit
2022/04/18 18:14:28 [notice] 39#39: gracefully shutting down
2022/04/18 18:14:28 [notice] 39#39: exiting
2022/04/18 18:14:28 [notice] 39#39: exit
2022/04/18 18:14:28 [notice] 1#1: signal 17 (SIGCHLD) received from 35
2022/04/18 18:14:28 [notice] 1#1: worker process 35 exited with code 0
2022/04/18 18:14:28 [notice] 1#1: signal 29 (SIGIO) received
2022/04/18 18:14:28 [notice] 1#1: signal 17 (SIGCHLD) received from 33
2022/04/18 18:14:28 [notice] 1#1: worker process 33 exited with code 0
2022/04/18 18:14:28 [notice] 1#1: worker process 38 exited with code 0
2022/04/18 18:14:28 [notice] 1#1: signal 29 (SIGIO) received
2022/04/18 18:14:28 [notice] 1#1: signal 17 (SIGCHLD) received from 36
2022/04/18 18:14:28 [notice] 1#1: worker process 36 exited with code 0
2022/04/18 18:14:28 [notice] 1#1: signal 29 (SIGIO) received
2022/04/18 18:14:28 [notice] 1#1: signal 17 (SIGCHLD) received from 37
2022/04/18 18:14:28 [notice] 1#1: worker process 37 exited with code 0
2022/04/18 18:14:28 [notice] 1#1: worker process 39 exited with code 0
2022/04/18 18:14:28 [notice] 1#1: signal 29 (SIGIO) received
2022/04/18 18:14:28 [notice] 1#1: signal 17 (SIGCHLD) received from 32
2022/04/18 18:14:28 [notice] 1#1: worker process 32 exited with code 0
2022/04/18 18:14:28 [notice] 1#1: signal 29 (SIGIO) received
2022/04/18 18:14:28 [notice] 1#1: signal 17 (SIGCHLD) received from 34
2022/04/18 18:14:28 [notice] 1#1: worker process 34 exited with code 0
2022/04/18 18:14:28 [notice] 1#1: exit
2022/04/18 18:14:48 [notice] 1#1: using the "epoll" event method
2022/04/18 18:14:48 [notice] 1#1: nginx/1.21.6
2022/04/18 18:14:48 [notice] 1#1: built by gcc 10.3.1 20211027 (Alpine 10.3.1_git20211027) 
2022/04/18 18:14:48 [notice] 1#1: OS: Linux 5.10.16.3-microsoft-standard-WSL2
2022/04/18 18:14:48 [notice] 1#1: getrlimit(RLIMIT_NOFILE): 1048576:1048576
2022/04/18 18:14:48 [notice] 1#1: start worker processes
2022/04/18 18:14:48 [notice] 1#1: start worker process 32
2022/04/18 18:14:48 [notice] 1#1: start worker process 33
2022/04/18 18:14:48 [notice] 1#1: start worker process 34
2022/04/18 18:14:48 [notice] 1#1: start worker process 35
2022/04/18 18:14:48 [notice] 1#1: start worker process 36
2022/04/18 18:14:48 [notice] 1#1: start worker process 37
2022/04/18 18:14:48 [notice] 1#1: start worker process 38
2022/04/18 18:14:48 [notice] 1#1: start worker process 39
2022/04/18 18:17:51 [notice] 1#1: signal 3 (SIGQUIT) received, shutting down
2022/04/18 18:17:51 [notice] 32#32: gracefully shutting down
2022/04/18 18:17:51 [notice] 33#33: gracefully shutting down
2022/04/18 18:17:51 [notice] 34#34: gracefully shutting down
2022/04/18 18:17:51 [notice] 35#35: gracefully shutting down
2022/04/18 18:17:51 [notice] 32#32: exiting
2022/04/18 18:17:51 [notice] 33#33: exiting
2022/04/18 18:17:51 [notice] 36#36: gracefully shutting down
2022/04/18 18:17:51 [notice] 34#34: exiting
2022/04/18 18:17:51 [notice] 35#35: exiting
2022/04/18 18:17:51 [notice] 37#37: gracefully shutting down
2022/04/18 18:17:51 [notice] 38#38: gracefully shutting down
2022/04/18 18:17:51 [notice] 36#36: exiting
2022/04/18 18:17:51 [notice] 37#37: exiting
2022/04/18 18:17:51 [notice] 38#38: exiting
2022/04/18 18:17:51 [notice] 32#32: exit
2022/04/18 18:17:51 [notice] 34#34: exit
2022/04/18 18:17:51 [notice] 33#33: exit
2022/04/18 18:17:51 [notice] 35#35: exit
2022/04/18 18:17:51 [notice] 36#36: exit
2022/04/18 18:17:51 [notice] 38#38: exit
2022/04/18 18:17:51 [notice] 37#37: exit
2022/04/18 18:17:51 [notice] 39#39: gracefully shutting down
2022/04/18 18:17:51 [notice] 39#39: exiting
2022/04/18 18:17:51 [notice] 39#39: exit
2022/04/18 18:17:51 [notice] 1#1: signal 17 (SIGCHLD) received from 39
2022/04/18 18:17:51 [notice] 1#1: worker process 32 exited with code 0
2022/04/18 18:17:51 [notice] 1#1: worker process 34 exited with code 0
2022/04/18 18:17:51 [notice] 1#1: worker process 39 exited with code 0
2022/04/18 18:17:51 [notice] 1#1: worker process 36 exited with code 0
2022/04/18 18:17:51 [notice] 1#1: signal 29 (SIGIO) received
2022/04/18 18:17:51 [notice] 1#1: signal 17 (SIGCHLD) received from 34
2022/04/18 18:17:51 [notice] 1#1: signal 17 (SIGCHLD) received from 33
2022/04/18 18:17:51 [notice] 1#1: worker process 33 exited with code 0
2022/04/18 18:17:51 [notice] 1#1: signal 29 (SIGIO) received
2022/04/18 18:17:51 [notice] 1#1: signal 17 (SIGCHLD) received from 35
2022/04/18 18:17:51 [notice] 1#1: worker process 35 exited with code 0
2022/04/18 18:17:51 [notice] 1#1: signal 29 (SIGIO) received
2022/04/18 18:17:51 [notice] 1#1: signal 17 (SIGCHLD) received from 38
2022/04/18 18:17:51 [notice] 1#1: worker process 38 exited with code 0
2022/04/18 18:17:51 [notice] 1#1: signal 29 (SIGIO) received
2022/04/18 18:17:51 [notice] 1#1: signal 17 (SIGCHLD) received from 37
2022/04/18 18:17:51 [notice] 1#1: worker process 37 exited with code 0
2022/04/18 18:17:51 [notice] 1#1: exit
2022/04/18 18:23:09 [notice] 1#1: using the "epoll" event method
2022/04/18 18:23:09 [notice] 1#1: nginx/1.21.6
2022/04/18 18:23:09 [notice] 1#1: built by gcc 10.3.1 20211027 (Alpine 10.3.1_git20211027) 
2022/04/18 18:23:09 [notice] 1#1: OS: Linux 5.10.16.3-microsoft-standard-WSL2
2022/04/18 18:23:09 [notice] 1#1: getrlimit(RLIMIT_NOFILE): 1048576:1048576
2022/04/18 18:23:09 [notice] 1#1: start worker processes
2022/04/18 18:23:09 [notice] 1#1: start worker process 32
2022/04/18 18:23:09 [notice] 1#1: start worker process 33
2022/04/18 18:23:09 [notice] 1#1: start worker process 34
2022/04/18 18:23:09 [notice] 1#1: start worker process 35
2022/04/18 18:23:09 [notice] 1#1: start worker process 36
2022/04/18 18:23:09 [notice] 1#1: start worker process 37
2022/04/18 18:23:09 [notice] 1#1: start worker process 38
2022/04/18 18:23:09 [notice] 1#1: start worker process 39
